2024-03-20 15:04:55 INFO  SauceDemoTestBase:12 - ***************Test Case StartedvalidateIfUserCanLogin***********************
2024-03-20 15:04:56 INFO  SauceDemoTestBase:18 - **************validateIfUserCanLogin*****************
2024-03-20 15:04:58 INFO  SauceDemoTestBase:12 - ***************Test Case StartedvalidateIfOnsieSelectedFromImage***********************
2024-03-20 15:04:58 INFO  SauceDemoTestBase:18 - **************validateIfOnsieSelectedFromImage*****************
2024-03-20 15:05:01 INFO  SauceDemoTestBase:12 - ***************Test Case StartedvalidateIfAddToCartButtonWorks***********************
2024-03-20 15:05:01 INFO  SauceDemoTestBase:18 - **************validateIfAddToCartButtonWorks*****************
2024-03-20 17:13:18 INFO  SauceDemoTestBase:13 - ***************Test Case StartedvalidateIfUserCanLogin***********************
2024-03-20 17:13:19 INFO  SauceDemoTestBase:20 - **************validateIfUserCanLogin*****************
2024-03-20 17:13:21 INFO  SauceDemoTestBase:13 - ***************Test Case StartedvalidateIfUserCanLogin***********************
2024-03-20 17:13:32 INFO  SauceDemoTestBase:26 - !!!!!!!!!!!!!!Test Case Fail: validateIfUserCanLogin Taking Screenshot!!!!!!!!!!!!!!!!!!!!
2024-03-20 17:13:35 INFO  SauceDemoTestBase:13 - ***************Test Case StartedvalidateIfUserCanLogin***********************
2024-03-20 17:13:35 INFO  SauceDemoTestBase:20 - **************validateIfUserCanLogin*****************
2024-03-20 17:13:37 INFO  SauceDemoTestBase:13 - ***************Test Case StartedvalidateIfUserCanLogin***********************
2024-03-20 17:13:43 INFO  SauceDemoTestBase:20 - **************validateIfUserCanLogin*****************
2024-03-20 17:13:45 INFO  SauceDemoTestBase:13 - ***************Test Case StartedvalidateIfUserCanLogin***********************
2024-03-20 17:13:45 INFO  SauceDemoTestBase:20 - **************validateIfUserCanLogin*****************
2024-03-20 17:13:48 INFO  SauceDemoTestBase:13 - ***************Test Case StartedvalidateIfUserCanLogin***********************
2024-03-20 17:13:48 INFO  SauceDemoTestBase:20 - **************validateIfUserCanLogin*****************
2024-03-20 17:13:50 INFO  SauceDemoTestBase:13 - ***************Test Case StartedvalidateIfOnsieSelectedFromImage***********************
2024-03-20 17:13:51 INFO  SauceDemoTestBase:20 - **************validateIfOnsieSelectedFromImage*****************
2024-03-20 17:13:53 INFO  SauceDemoTestBase:13 - ***************Test Case StartedvalidateIfUserCanSetPriceFromLowToHigh***********************
2024-03-20 17:13:54 INFO  SauceDemoTestBase:20 - **************validateIfUserCanSetPriceFromLowToHigh*****************
2024-03-20 17:13:54 INFO  SauceDemoTestBase:26 - !!!!!!!!!!!!!!Test Case Fail: validateIfAddToCartButtonWorks Taking Screenshot!!!!!!!!!!!!!!!!!!!!
2024-03-20 17:16:49 INFO  SauceDemoTestBase:13 - ***************Test Case StartedvalidateIfUserCanLogin***********************
2024-03-20 17:16:49 INFO  SauceDemoTestBase:20 - **************validateIfUserCanLogin*****************
2024-03-20 17:16:51 INFO  SauceDemoTestBase:13 - ***************Test Case StartedvalidateIfUserCanLogin***********************
2024-03-20 17:17:02 INFO  SauceDemoTestBase:15 - Retrying failed test : validateIfUserCanLoginfor 1
2024-03-20 17:17:02 INFO  SauceDemoTestBase:32 - ??????????????????Test Case skipped: validateIfUserCanLogin????????????????
2024-03-20 17:17:04 INFO  SauceDemoTestBase:13 - ***************Test Case StartedvalidateIfUserCanLogin***********************
2024-03-20 17:17:15 INFO  SauceDemoTestBase:15 - Retrying failed test : validateIfUserCanLoginfor 2
2024-03-20 17:17:15 INFO  SauceDemoTestBase:26 - !!!!!!!!!!!!!!Test Case Fail: validateIfUserCanLogin Taking Screenshot!!!!!!!!!!!!!!!!!!!!
2024-03-20 17:17:17 INFO  SauceDemoTestBase:13 - ***************Test Case StartedvalidateIfUserCanLogin***********************
2024-03-20 17:17:18 INFO  SauceDemoTestBase:20 - **************validateIfUserCanLogin*****************
2024-03-20 17:17:20 INFO  SauceDemoTestBase:13 - ***************Test Case StartedvalidateIfUserCanLogin***********************
2024-03-20 17:17:25 INFO  SauceDemoTestBase:20 - **************validateIfUserCanLogin*****************
2024-03-20 17:17:27 INFO  SauceDemoTestBase:13 - ***************Test Case StartedvalidateIfUserCanLogin***********************
2024-03-20 17:17:28 INFO  SauceDemoTestBase:20 - **************validateIfUserCanLogin*****************
2024-03-20 17:17:30 INFO  SauceDemoTestBase:13 - ***************Test Case StartedvalidateIfUserCanLogin***********************
2024-03-20 17:17:31 INFO  SauceDemoTestBase:20 - **************validateIfUserCanLogin*****************
2024-03-20 17:17:33 INFO  SauceDemoTestBase:13 - ***************Test Case StartedvalidateIfOnsieSelectedFromImage***********************
2024-03-20 17:17:33 INFO  SauceDemoTestBase:20 - **************validateIfOnsieSelectedFromImage*****************
2024-03-20 17:17:35 INFO  SauceDemoTestBase:13 - ***************Test Case StartedvalidateIfUserCanSetPriceFromLowToHigh***********************
2024-03-20 17:17:36 INFO  SauceDemoTestBase:20 - **************validateIfUserCanSetPriceFromLowToHigh*****************
2024-03-20 17:17:36 INFO  SauceDemoTestBase:26 - !!!!!!!!!!!!!!Test Case Fail: validateIfAddToCartButtonWorks Taking Screenshot!!!!!!!!!!!!!!!!!!!!
2024-03-25 13:38:52 INFO  SauceDemoTestBase:13 - ***************Test Case StartedvalidateIfUserCanLogin***********************
2024-03-25 13:38:53 INFO  SauceDemoTestBase:20 - **************validateIfUserCanLogin*****************
2024-03-25 13:38:55 INFO  SauceDemoTestBase:13 - ***************Test Case StartedvalidateIfUserCanLogin***********************
2024-03-25 13:39:06 INFO  SauceDemoTestBase:15 - Retrying failed test : validateIfUserCanLoginfor 1
2024-03-25 13:39:06 INFO  SauceDemoTestBase:32 - ??????????????????Test Case skipped: validateIfUserCanLogin????????????????
2024-03-25 13:39:08 INFO  SauceDemoTestBase:13 - ***************Test Case StartedvalidateIfUserCanLogin***********************
2024-03-25 13:39:19 INFO  SauceDemoTestBase:15 - Retrying failed test : validateIfUserCanLoginfor 2
2024-03-25 13:39:19 INFO  SauceDemoTestBase:26 - !!!!!!!!!!!!!!Test Case Fail: validateIfUserCanLogin Taking Screenshot!!!!!!!!!!!!!!!!!!!!
2024-03-25 13:39:21 INFO  SauceDemoTestBase:13 - ***************Test Case StartedvalidateIfUserCanLogin***********************
2024-03-25 13:39:22 INFO  SauceDemoTestBase:20 - **************validateIfUserCanLogin*****************
2024-03-25 13:39:24 INFO  SauceDemoTestBase:13 - ***************Test Case StartedvalidateIfUserCanLogin***********************
2024-03-25 13:39:30 INFO  SauceDemoTestBase:20 - **************validateIfUserCanLogin*****************
2024-03-25 13:39:32 INFO  SauceDemoTestBase:13 - ***************Test Case StartedvalidateIfUserCanLogin***********************
2024-03-25 13:39:32 INFO  SauceDemoTestBase:20 - **************validateIfUserCanLogin*****************
2024-03-25 13:39:34 INFO  SauceDemoTestBase:13 - ***************Test Case StartedvalidateIfUserCanLogin***********************
2024-03-25 13:39:35 INFO  SauceDemoTestBase:20 - **************validateIfUserCanLogin*****************
2024-03-25 13:39:37 INFO  SauceDemoTestBase:13 - ***************Test Case StartedvalidateIfUserCanSetPriceFromLowToHigh***********************
2024-03-25 13:39:38 INFO  SauceDemoTestBase:20 - **************validateIfUserCanSetPriceFromLowToHigh*****************
2024-03-25 13:39:40 INFO  SauceDemoTestBase:13 - ***************Test Case StartedvalidateLogoutButton***********************
2024-03-25 13:39:51 INFO  SauceDemoTestBase:15 - Retrying failed test : validateLogoutButtonfor 1
2024-03-25 13:39:51 INFO  SauceDemoTestBase:32 - ??????????????????Test Case skipped: validateLogoutButton????????????????
2024-03-25 13:39:53 INFO  SauceDemoTestBase:13 - ***************Test Case StartedvalidateLogoutButton***********************
2024-03-25 13:40:04 INFO  SauceDemoTestBase:15 - Retrying failed test : validateLogoutButtonfor 2
2024-03-25 13:40:04 INFO  SauceDemoTestBase:26 - !!!!!!!!!!!!!!Test Case Fail: validateLogoutButton Taking Screenshot!!!!!!!!!!!!!!!!!!!!
2024-03-25 13:40:07 INFO  SauceDemoTestBase:13 - ***************Test Case StartedvalidateIfRedAndBoltTShirtAvailableInCart***********************
2024-03-25 13:40:08 INFO  SauceDemoTestBase:20 - **************validateIfRedAndBoltTShirtAvailableInCart*****************
2024-03-25 13:40:10 INFO  SauceDemoTestBase:13 - ***************Test Case StartedvalidateCheckoutButtonOnCartPage***********************
2024-03-25 13:40:11 INFO  SauceDemoTestBase:20 - **************validateCheckoutButtonOnCartPage*****************
2024-03-25 13:40:13 INFO  SauceDemoTestBase:13 - ***************Test Case StartedvalidateIfContinueButtonForCheckoutIsWorking***********************
2024-03-25 13:40:14 INFO  SauceDemoTestBase:20 - **************validateIfContinueButtonForCheckoutIsWorking*****************
2024-03-25 13:40:16 INFO  SauceDemoTestBase:13 - ***************Test Case StartedvalidateTotalPaymentOnPage***********************
2024-03-25 13:40:27 INFO  SauceDemoTestBase:15 - Retrying failed test : validateTotalPaymentOnPagefor 1
2024-03-25 13:40:27 INFO  SauceDemoTestBase:32 - ??????????????????Test Case skipped: validateTotalPaymentOnPage????????????????
2024-03-25 13:40:30 INFO  SauceDemoTestBase:13 - ***************Test Case StartedvalidateTotalPaymentOnPage***********************
2024-03-25 13:40:41 INFO  SauceDemoTestBase:15 - Retrying failed test : validateTotalPaymentOnPagefor 2
2024-03-25 13:40:41 INFO  SauceDemoTestBase:26 - !!!!!!!!!!!!!!Test Case Fail: validateTotalPaymentOnPage Taking Screenshot!!!!!!!!!!!!!!!!!!!!
2024-03-25 13:40:44 INFO  SauceDemoTestBase:13 - ***************Test Case StartedvalidateFinishButton***********************
2024-03-25 13:40:45 INFO  SauceDemoTestBase:20 - **************validateFinishButton*****************
2024-03-25 13:40:48 INFO  SauceDemoTestBase:13 - ***************Test Case StartedvalidateBackToProductsButtonIsWorking***********************
2024-03-25 13:40:49 INFO  SauceDemoTestBase:20 - **************validateBackToProductsButtonIsWorking*****************
2024-03-25 13:50:27 INFO  SauceDemoTestBase:13 - ***************Test Case StartedvalidateIfUserCanLogin***********************
2024-03-25 13:50:27 INFO  SauceDemoTestBase:20 - **************validateIfUserCanLogin*****************
2024-03-25 13:50:29 INFO  SauceDemoTestBase:13 - ***************Test Case StartedvalidateIfUserCanLogin***********************
2024-03-25 13:50:30 INFO  SauceDemoTestBase:20 - **************validateIfUserCanLogin*****************
2024-03-25 13:50:32 INFO  SauceDemoTestBase:13 - ***************Test Case StartedvalidateIfUserCanLogin***********************
2024-03-25 13:50:38 INFO  SauceDemoTestBase:20 - **************validateIfUserCanLogin*****************
2024-03-25 13:50:40 INFO  SauceDemoTestBase:13 - ***************Test Case StartedvalidateIfUserCanLogin***********************
2024-03-25 13:50:40 INFO  SauceDemoTestBase:20 - **************validateIfUserCanLogin*****************
2024-03-25 13:50:42 INFO  SauceDemoTestBase:13 - ***************Test Case StartedvalidateIfUserCanLogin***********************
2024-03-25 13:50:43 INFO  SauceDemoTestBase:20 - **************validateIfUserCanLogin*****************
2024-03-25 13:50:45 INFO  SauceDemoTestBase:13 - ***************Test Case StartedvalidateLockOutUserCanNotLogin***********************
2024-03-25 13:50:46 INFO  SauceDemoTestBase:20 - **************validateLockOutUserCanNotLogin*****************
2024-03-25 13:50:48 INFO  SauceDemoTestBase:13 - ***************Test Case StartedvalidateIfUserCanSetPriceFromLowToHigh***********************
2024-03-25 13:50:49 INFO  SauceDemoTestBase:20 - **************validateIfUserCanSetPriceFromLowToHigh*****************
2024-03-25 13:50:51 INFO  SauceDemoTestBase:13 - ***************Test Case StartedvalidateLogoutButton***********************
2024-03-25 13:51:02 INFO  SauceDemoTestBase:15 - Retrying failed test : validateLogoutButtonfor 1
2024-03-25 13:51:02 INFO  SauceDemoTestBase:32 - ??????????????????Test Case skipped: validateLogoutButton????????????????
2024-03-25 13:51:04 INFO  SauceDemoTestBase:13 - ***************Test Case StartedvalidateLogoutButton***********************
2024-03-25 13:51:15 INFO  SauceDemoTestBase:15 - Retrying failed test : validateLogoutButtonfor 2
2024-03-25 13:51:15 INFO  SauceDemoTestBase:26 - !!!!!!!!!!!!!!Test Case Fail: validateLogoutButton Taking Screenshot!!!!!!!!!!!!!!!!!!!!
2024-03-25 13:51:17 INFO  SauceDemoTestBase:13 - ***************Test Case StartedvalidateIfRedAndBoltTShirtAvailableInCart***********************
2024-03-25 13:51:18 INFO  SauceDemoTestBase:20 - **************validateIfRedAndBoltTShirtAvailableInCart*****************
2024-03-25 13:51:20 INFO  SauceDemoTestBase:13 - ***************Test Case StartedvalidateCheckoutButtonOnCartPage***********************
2024-03-25 13:51:21 INFO  SauceDemoTestBase:20 - **************validateCheckoutButtonOnCartPage*****************
2024-03-25 13:51:23 INFO  SauceDemoTestBase:13 - ***************Test Case StartedvalidateIfContinueButtonForCheckoutIsWorking***********************
2024-03-25 13:51:24 INFO  SauceDemoTestBase:20 - **************validateIfContinueButtonForCheckoutIsWorking*****************
2024-03-25 13:51:26 INFO  SauceDemoTestBase:13 - ***************Test Case StartedvalidateTotalPaymentOnPage***********************
2024-03-25 13:51:38 INFO  SauceDemoTestBase:15 - Retrying failed test : validateTotalPaymentOnPagefor 1
2024-03-25 13:51:38 INFO  SauceDemoTestBase:32 - ??????????????????Test Case skipped: validateTotalPaymentOnPage????????????????
2024-03-25 13:51:40 INFO  SauceDemoTestBase:13 - ***************Test Case StartedvalidateTotalPaymentOnPage***********************
2024-03-25 13:51:52 INFO  SauceDemoTestBase:15 - Retrying failed test : validateTotalPaymentOnPagefor 2
2024-03-25 13:51:52 INFO  SauceDemoTestBase:26 - !!!!!!!!!!!!!!Test Case Fail: validateTotalPaymentOnPage Taking Screenshot!!!!!!!!!!!!!!!!!!!!
2024-03-25 13:51:54 INFO  SauceDemoTestBase:13 - ***************Test Case StartedvalidateFinishButton***********************
2024-03-25 13:51:56 INFO  SauceDemoTestBase:20 - **************validateFinishButton*****************
2024-03-25 13:51:58 INFO  SauceDemoTestBase:13 - ***************Test Case StartedvalidateBackToProductsButtonIsWorking***********************
2024-03-25 13:51:59 INFO  SauceDemoTestBase:20 - **************validateBackToProductsButtonIsWorking*****************
2024-03-25 13:58:33 INFO  SauceDemoTestBase:13 - ***************Test Case StartedvalidateIfUserCanLogin***********************
2024-03-25 13:58:34 INFO  SauceDemoTestBase:20 - **************validateIfUserCanLogin*****************
2024-03-25 13:58:36 INFO  SauceDemoTestBase:13 - ***************Test Case StartedvalidateIfUserCanLogin***********************
2024-03-25 13:58:36 INFO  SauceDemoTestBase:20 - **************validateIfUserCanLogin*****************
2024-03-25 13:58:39 INFO  SauceDemoTestBase:13 - ***************Test Case StartedvalidateIfUserCanLogin***********************
2024-03-25 13:58:44 INFO  SauceDemoTestBase:20 - **************validateIfUserCanLogin*****************
2024-03-25 13:58:47 INFO  SauceDemoTestBase:13 - ***************Test Case StartedvalidateIfUserCanLogin***********************
2024-03-25 13:58:47 INFO  SauceDemoTestBase:20 - **************validateIfUserCanLogin*****************
2024-03-25 13:58:49 INFO  SauceDemoTestBase:13 - ***************Test Case StartedvalidateIfUserCanLogin***********************
2024-03-25 13:58:50 INFO  SauceDemoTestBase:20 - **************validateIfUserCanLogin*****************
2024-03-25 13:58:52 INFO  SauceDemoTestBase:13 - ***************Test Case StartedvalidateLockOutUserCanNotLogin***********************
2024-03-25 13:58:53 INFO  SauceDemoTestBase:20 - **************validateLockOutUserCanNotLogin*****************
2024-03-25 13:58:55 INFO  SauceDemoTestBase:13 - ***************Test Case StartedvalidateIfUserCanSetPriceFromLowToHigh***********************
2024-03-25 13:58:56 INFO  SauceDemoTestBase:20 - **************validateIfUserCanSetPriceFromLowToHigh*****************
2024-03-25 13:58:58 INFO  SauceDemoTestBase:13 - ***************Test Case StartedvalidateLogoutButton***********************
2024-03-25 13:59:09 INFO  SauceDemoTestBase:15 - Retrying failed test : validateLogoutButtonfor 1
2024-03-25 13:59:09 INFO  SauceDemoTestBase:32 - ??????????????????Test Case skipped: validateLogoutButton????????????????
2024-03-25 13:59:11 INFO  SauceDemoTestBase:13 - ***************Test Case StartedvalidateLogoutButton***********************
2024-03-25 13:59:22 INFO  SauceDemoTestBase:15 - Retrying failed test : validateLogoutButtonfor 2
2024-03-25 13:59:22 INFO  SauceDemoTestBase:26 - !!!!!!!!!!!!!!Test Case Fail: validateLogoutButton Taking Screenshot!!!!!!!!!!!!!!!!!!!!
2024-03-25 13:59:25 INFO  SauceDemoTestBase:13 - ***************Test Case StartedvalidateIfRedAndBoltTShirtAvailableInCart***********************
2024-03-25 13:59:25 INFO  SauceDemoTestBase:20 - **************validateIfRedAndBoltTShirtAvailableInCart*****************
2024-03-25 13:59:28 INFO  SauceDemoTestBase:13 - ***************Test Case StartedvalidateCheckoutButtonOnCartPage***********************
2024-03-25 13:59:28 INFO  SauceDemoTestBase:20 - **************validateCheckoutButtonOnCartPage*****************
2024-03-25 13:59:30 INFO  SauceDemoTestBase:13 - ***************Test Case StartedvalidateIfContinueButtonForCheckoutIsWorking***********************
2024-03-25 13:59:31 INFO  SauceDemoTestBase:20 - **************validateIfContinueButtonForCheckoutIsWorking*****************
2024-03-25 13:59:33 INFO  SauceDemoTestBase:13 - ***************Test Case StartedvalidateTotalPaymentOnPage***********************
2024-03-25 13:59:35 INFO  SauceDemoTestBase:15 - Retrying failed test : validateTotalPaymentOnPagefor 1
2024-03-25 13:59:35 INFO  SauceDemoTestBase:32 - ??????????????????Test Case skipped: validateTotalPaymentOnPage????????????????
2024-03-25 13:59:37 INFO  SauceDemoTestBase:13 - ***************Test Case StartedvalidateTotalPaymentOnPage***********************
2024-03-25 13:59:39 INFO  SauceDemoTestBase:15 - Retrying failed test : validateTotalPaymentOnPagefor 2
2024-03-25 13:59:39 INFO  SauceDemoTestBase:26 - !!!!!!!!!!!!!!Test Case Fail: validateTotalPaymentOnPage Taking Screenshot!!!!!!!!!!!!!!!!!!!!
2024-03-25 13:59:39 INFO  SauceDemoTestBase:13 - ***************Test Case StartedvalidateFinishButton***********************
2024-03-25 13:59:39 INFO  SauceDemoTestBase:32 - ??????????????????Test Case skipped: validateFinishButton????????????????
2024-03-25 13:59:39 INFO  SauceDemoTestBase:13 - ***************Test Case StartedvalidateBackToProductsButtonIsWorking***********************
2024-03-25 13:59:39 INFO  SauceDemoTestBase:32 - ??????????????????Test Case skipped: validateBackToProductsButtonIsWorking????????????????
2024-03-25 14:04:45 INFO  SauceDemoTestBase:13 - ***************Test Case StartedvalidateIfUserCanLogin***********************
2024-03-25 14:04:45 INFO  SauceDemoTestBase:20 - **************validateIfUserCanLogin*****************
2024-03-25 14:04:47 INFO  SauceDemoTestBase:13 - ***************Test Case StartedvalidateIfUserCanLogin***********************
2024-03-25 14:04:48 INFO  SauceDemoTestBase:20 - **************validateIfUserCanLogin*****************
2024-03-25 14:04:50 INFO  SauceDemoTestBase:13 - ***************Test Case StartedvalidateIfUserCanLogin***********************
2024-03-25 14:04:56 INFO  SauceDemoTestBase:20 - **************validateIfUserCanLogin*****************
2024-03-25 14:04:58 INFO  SauceDemoTestBase:13 - ***************Test Case StartedvalidateIfUserCanLogin***********************
2024-03-25 14:04:58 INFO  SauceDemoTestBase:20 - **************validateIfUserCanLogin*****************
2024-03-25 14:05:00 INFO  SauceDemoTestBase:13 - ***************Test Case StartedvalidateIfUserCanLogin***********************
2024-03-25 14:05:01 INFO  SauceDemoTestBase:20 - **************validateIfUserCanLogin*****************
2024-03-25 14:05:03 INFO  SauceDemoTestBase:13 - ***************Test Case StartedvalidateLockOutUserCanNotLogin***********************
2024-03-25 14:05:03 INFO  SauceDemoTestBase:20 - **************validateLockOutUserCanNotLogin*****************
2024-03-25 14:05:06 INFO  SauceDemoTestBase:13 - ***************Test Case StartedvalidateIfUserCanSetPriceFromLowToHigh***********************
2024-03-25 14:05:06 INFO  SauceDemoTestBase:20 - **************validateIfUserCanSetPriceFromLowToHigh*****************
2024-03-25 14:05:09 INFO  SauceDemoTestBase:13 - ***************Test Case StartedvalidateLogoutButton***********************
2024-03-25 14:05:19 INFO  SauceDemoTestBase:15 - Retrying failed test : validateLogoutButtonfor 1
2024-03-25 14:05:19 INFO  SauceDemoTestBase:32 - ??????????????????Test Case skipped: validateLogoutButton????????????????
2024-03-25 14:05:22 INFO  SauceDemoTestBase:13 - ***************Test Case StartedvalidateLogoutButton***********************
2024-03-25 14:05:32 INFO  SauceDemoTestBase:15 - Retrying failed test : validateLogoutButtonfor 2
2024-03-25 14:05:32 INFO  SauceDemoTestBase:26 - !!!!!!!!!!!!!!Test Case Fail: validateLogoutButton Taking Screenshot!!!!!!!!!!!!!!!!!!!!
2024-03-25 14:05:36 INFO  SauceDemoTestBase:13 - ***************Test Case StartedvalidateIfRedAndBoltTShirtAvailableInCart***********************
2024-03-25 14:05:37 INFO  SauceDemoTestBase:20 - **************validateIfRedAndBoltTShirtAvailableInCart*****************
2024-03-25 14:05:39 INFO  SauceDemoTestBase:13 - ***************Test Case StartedvalidateCheckoutButtonOnCartPage***********************
2024-03-25 14:05:40 INFO  SauceDemoTestBase:20 - **************validateCheckoutButtonOnCartPage*****************
2024-03-25 14:05:42 INFO  SauceDemoTestBase:13 - ***************Test Case StartedvalidateIfContinueButtonForCheckoutIsWorking***********************
2024-03-25 14:05:43 INFO  SauceDemoTestBase:20 - **************validateIfContinueButtonForCheckoutIsWorking*****************
2024-03-25 14:05:45 INFO  SauceDemoTestBase:13 - ***************Test Case StartedvalidateTotalPaymentOnPage***********************
2024-03-25 14:05:46 INFO  SauceDemoTestBase:20 - **************validateTotalPaymentOnPage*****************
2024-03-25 14:05:49 INFO  SauceDemoTestBase:13 - ***************Test Case StartedvalidateFinishButton***********************
2024-03-25 14:05:50 INFO  SauceDemoTestBase:20 - **************validateFinishButton*****************
2024-03-25 14:05:52 INFO  SauceDemoTestBase:13 - ***************Test Case StartedvalidateBackToProductsButtonIsWorking***********************
2024-03-25 14:05:54 INFO  SauceDemoTestBase:20 - **************validateBackToProductsButtonIsWorking*****************
2024-03-25 14:10:55 INFO  SauceDemoTestBase:13 - ***************Test Case StartedvalidateIfUserCanLogin***********************
2024-03-25 14:10:56 INFO  SauceDemoTestBase:20 - **************validateIfUserCanLogin*****************
2024-03-25 14:10:58 INFO  SauceDemoTestBase:13 - ***************Test Case StartedvalidateIfUserCanLogin***********************
2024-03-25 14:10:58 INFO  SauceDemoTestBase:20 - **************validateIfUserCanLogin*****************
2024-03-25 14:11:01 INFO  SauceDemoTestBase:13 - ***************Test Case StartedvalidateIfUserCanLogin***********************
2024-03-25 14:11:03 INFO  SauceDemoTestBase:15 - Retrying failed test : validateIfUserCanLoginfor 1
2024-03-25 14:11:03 INFO  SauceDemoTestBase:32 - ??????????????????Test Case skipped: validateIfUserCanLogin????????????????
2024-03-25 14:11:03 INFO  SauceDemoTestBase:13 - ***************Test Case StartedvalidateIfUserCanLogin***********************
2024-03-25 14:11:03 INFO  SauceDemoTestBase:15 - Retrying failed test : validateIfUserCanLoginfor 2
2024-03-25 14:11:03 INFO  SauceDemoTestBase:26 - !!!!!!!!!!!!!!Test Case Fail: validateIfUserCanLogin Taking Screenshot!!!!!!!!!!!!!!!!!!!!
2024-03-25 14:11:03 INFO  SauceDemoTestBase:26 - !!!!!!!!!!!!!!Test Case Fail: validateIfUserCanLogin Taking Screenshot!!!!!!!!!!!!!!!!!!!!
2024-03-25 14:11:36 INFO  SauceDemoTestBase:13 - ***************Test Case StartedvalidateIfUserCanLogin***********************
2024-03-25 14:11:37 INFO  SauceDemoTestBase:20 - **************validateIfUserCanLogin*****************
2024-03-25 14:11:39 INFO  SauceDemoTestBase:13 - ***************Test Case StartedvalidateIfUserCanLogin***********************
2024-03-25 14:11:40 INFO  SauceDemoTestBase:20 - **************validateIfUserCanLogin*****************
2024-03-25 14:11:42 INFO  SauceDemoTestBase:13 - ***************Test Case StartedvalidateIfUserCanLogin***********************
2024-03-25 14:11:48 INFO  SauceDemoTestBase:20 - **************validateIfUserCanLogin*****************
2024-03-25 14:11:50 INFO  SauceDemoTestBase:13 - ***************Test Case StartedvalidateIfUserCanLogin***********************
2024-03-25 14:11:50 INFO  SauceDemoTestBase:20 - **************validateIfUserCanLogin*****************
2024-03-25 14:11:52 INFO  SauceDemoTestBase:13 - ***************Test Case StartedvalidateIfUserCanLogin***********************
2024-03-25 14:11:53 INFO  SauceDemoTestBase:20 - **************validateIfUserCanLogin*****************
2024-03-25 14:11:55 INFO  SauceDemoTestBase:13 - ***************Test Case StartedvalidateLockOutUserCanNotLogin***********************
2024-03-25 14:11:56 INFO  SauceDemoTestBase:20 - **************validateLockOutUserCanNotLogin*****************
2024-03-25 14:11:58 INFO  SauceDemoTestBase:13 - ***************Test Case StartedvalidateIfUserCanSetPriceFromLowToHigh***********************
2024-03-25 14:11:59 INFO  SauceDemoTestBase:20 - **************validateIfUserCanSetPriceFromLowToHigh*****************
2024-03-25 14:12:01 INFO  SauceDemoTestBase:13 - ***************Test Case StartedvalidateIfRedAndBoltTShirtAvailableInCart***********************
2024-03-25 14:12:01 INFO  SauceDemoTestBase:20 - **************validateIfRedAndBoltTShirtAvailableInCart*****************
2024-03-25 14:12:04 INFO  SauceDemoTestBase:13 - ***************Test Case StartedvalidateCheckoutButtonOnCartPage***********************
2024-03-25 14:12:04 INFO  SauceDemoTestBase:20 - **************validateCheckoutButtonOnCartPage*****************
2024-03-25 14:12:06 INFO  SauceDemoTestBase:13 - ***************Test Case StartedvalidateIfContinueButtonForCheckoutIsWorking***********************
2024-03-25 14:12:08 INFO  SauceDemoTestBase:20 - **************validateIfContinueButtonForCheckoutIsWorking*****************
2024-03-25 14:12:10 INFO  SauceDemoTestBase:13 - ***************Test Case StartedvalidateTotalPaymentOnPage***********************
2024-03-25 14:12:11 INFO  SauceDemoTestBase:20 - **************validateTotalPaymentOnPage*****************
2024-03-25 14:12:13 INFO  SauceDemoTestBase:13 - ***************Test Case StartedvalidateFinishButton***********************
2024-03-25 14:12:15 INFO  SauceDemoTestBase:20 - **************validateFinishButton*****************
2024-03-25 14:12:17 INFO  SauceDemoTestBase:13 - ***************Test Case StartedvalidateBackToProductsButtonIsWorking***********************
2024-03-25 14:12:28 INFO  SauceDemoTestBase:15 - Retrying failed test : validateBackToProductsButtonIsWorkingfor 1
2024-03-25 14:12:28 INFO  SauceDemoTestBase:32 - ??????????????????Test Case skipped: validateBackToProductsButtonIsWorking????????????????
2024-03-25 14:12:31 INFO  SauceDemoTestBase:13 - ***************Test Case StartedvalidateBackToProductsButtonIsWorking***********************
2024-03-25 14:12:42 INFO  SauceDemoTestBase:15 - Retrying failed test : validateBackToProductsButtonIsWorkingfor 2
2024-03-25 14:12:42 INFO  SauceDemoTestBase:26 - !!!!!!!!!!!!!!Test Case Fail: validateBackToProductsButtonIsWorking Taking Screenshot!!!!!!!!!!!!!!!!!!!!
2024-03-25 14:25:43 INFO  SauceDemoTestBase:13 - ***************Test Case StartedvalidateIfUserCanLogin***********************
2024-03-25 14:25:43 INFO  SauceDemoTestBase:20 - **************validateIfUserCanLogin*****************
2024-03-25 14:25:46 INFO  SauceDemoTestBase:13 - ***************Test Case StartedvalidateIfUserCanLogin***********************
2024-03-25 14:25:46 INFO  SauceDemoTestBase:20 - **************validateIfUserCanLogin*****************
2024-03-25 14:25:48 INFO  SauceDemoTestBase:13 - ***************Test Case StartedvalidateIfUserCanLogin***********************
2024-03-25 14:25:54 INFO  SauceDemoTestBase:20 - **************validateIfUserCanLogin*****************
2024-03-25 14:25:56 INFO  SauceDemoTestBase:13 - ***************Test Case StartedvalidateIfUserCanLogin***********************
2024-03-25 14:25:57 INFO  SauceDemoTestBase:20 - **************validateIfUserCanLogin*****************
2024-03-25 14:25:59 INFO  SauceDemoTestBase:13 - ***************Test Case StartedvalidateIfUserCanLogin***********************
2024-03-25 14:26:00 INFO  SauceDemoTestBase:20 - **************validateIfUserCanLogin*****************
2024-03-25 14:26:02 INFO  SauceDemoTestBase:13 - ***************Test Case StartedvalidateLockOutUserCanNotLogin***********************
2024-03-25 14:26:02 INFO  SauceDemoTestBase:20 - **************validateLockOutUserCanNotLogin*****************
2024-03-25 14:26:04 INFO  SauceDemoTestBase:13 - ***************Test Case StartedvalidateIfUserCanSetPriceFromLowToHigh***********************
2024-03-25 14:26:05 INFO  SauceDemoTestBase:20 - **************validateIfUserCanSetPriceFromLowToHigh*****************
2024-03-25 14:26:07 INFO  SauceDemoTestBase:13 - ***************Test Case StartedvalidateLogoutButton***********************
2024-03-25 14:26:09 INFO  SauceDemoTestBase:15 - Retrying failed test : validateLogoutButtonfor 1
2024-03-25 14:26:09 INFO  SauceDemoTestBase:32 - ??????????????????Test Case skipped: validateLogoutButton????????????????
2024-03-25 14:26:11 INFO  SauceDemoTestBase:13 - ***************Test Case StartedvalidateLogoutButton***********************
2024-03-25 14:26:22 INFO  SauceDemoTestBase:15 - Retrying failed test : validateLogoutButtonfor 2
2024-03-25 14:26:22 INFO  SauceDemoTestBase:26 - !!!!!!!!!!!!!!Test Case Fail: validateLogoutButton Taking Screenshot!!!!!!!!!!!!!!!!!!!!
2024-03-25 14:26:25 INFO  SauceDemoTestBase:13 - ***************Test Case StartedvalidateIfRedAndBoltTShirtAvailableInCart***********************
2024-03-25 14:26:26 INFO  SauceDemoTestBase:20 - **************validateIfRedAndBoltTShirtAvailableInCart*****************
2024-03-25 14:26:28 INFO  SauceDemoTestBase:13 - ***************Test Case StartedvalidateCheckoutButtonOnCartPage***********************
2024-03-25 14:26:29 INFO  SauceDemoTestBase:20 - **************validateCheckoutButtonOnCartPage*****************
2024-03-25 14:26:31 INFO  SauceDemoTestBase:13 - ***************Test Case StartedvalidateIfContinueButtonForCheckoutIsWorking***********************
2024-03-25 14:26:32 INFO  SauceDemoTestBase:20 - **************validateIfContinueButtonForCheckoutIsWorking*****************
2024-03-25 14:26:35 INFO  SauceDemoTestBase:13 - ***************Test Case StartedvalidateTotalPaymentOnPage***********************
2024-03-25 14:26:36 INFO  SauceDemoTestBase:20 - **************validateTotalPaymentOnPage*****************
2024-03-25 14:26:38 INFO  SauceDemoTestBase:13 - ***************Test Case StartedvalidateFinishButton***********************
2024-03-25 14:26:40 INFO  SauceDemoTestBase:20 - **************validateFinishButton*****************
2024-03-25 14:26:42 INFO  SauceDemoTestBase:13 - ***************Test Case StartedvalidateBackToProductsButtonIsWorking***********************
2024-03-25 14:26:43 INFO  SauceDemoTestBase:20 - **************validateBackToProductsButtonIsWorking*****************
2024-03-25 15:58:04 INFO  SauceDemoTestBase:13 - ***************Test Case Started******************validateIfUserCanLogin
2024-03-25 15:58:05 INFO  SauceDemoTestBase:19 - ******Passed********validateIfUserCanLogin*****************
2024-03-25 15:58:07 INFO  SauceDemoTestBase:13 - ***************Test Case Started******************validateIfUserCanLogin
2024-03-25 15:58:08 INFO  SauceDemoTestBase:19 - ******Passed********validateIfUserCanLogin*****************
2024-03-25 15:58:10 INFO  SauceDemoTestBase:13 - ***************Test Case Started******************validateIfUserCanLogin
2024-03-25 15:58:16 INFO  SauceDemoTestBase:19 - ******Passed********validateIfUserCanLogin*****************
2024-03-25 15:58:18 INFO  SauceDemoTestBase:13 - ***************Test Case Started******************validateIfUserCanLogin
2024-03-25 15:58:18 INFO  SauceDemoTestBase:19 - ******Passed********validateIfUserCanLogin*****************
2024-03-25 15:58:21 INFO  SauceDemoTestBase:13 - ***************Test Case Started******************validateIfUserCanLogin
2024-03-25 15:58:21 INFO  SauceDemoTestBase:19 - ******Passed********validateIfUserCanLogin*****************
2024-03-25 15:58:23 INFO  SauceDemoTestBase:13 - ***************Test Case Started******************validateLockOutUserCanNotLogin
2024-03-25 15:58:24 INFO  SauceDemoTestBase:19 - ******Passed********validateLockOutUserCanNotLogin*****************
2024-03-25 15:58:26 INFO  SauceDemoTestBase:13 - ***************Test Case Started******************validateIfUserCanSetPriceFromLowToHigh
2024-03-25 15:58:27 INFO  SauceDemoTestBase:19 - ******Passed********validateIfUserCanSetPriceFromLowToHigh*****************
2024-03-25 15:58:29 INFO  SauceDemoTestBase:13 - ***************Test Case Started******************validateLogoutButton
2024-03-25 15:58:40 INFO  SauceDemoTestBase:15 - Retrying failed test : validateLogoutButtonfor 1
2024-03-25 15:58:40 INFO  SauceDemoTestBase:31 - ??????????????????Test Case skipped: validateLogoutButton????????????????
2024-03-25 15:58:42 INFO  SauceDemoTestBase:13 - ***************Test Case Started******************validateLogoutButton
2024-03-25 15:58:53 INFO  SauceDemoTestBase:15 - Retrying failed test : validateLogoutButtonfor 2
2024-03-25 15:58:53 INFO  SauceDemoTestBase:25 - !!!!!!!!!!!!!!Test Case Failed: validateLogoutButton Taking Screenshot!!!!!!!!!!!!!!!!!!!!
2024-03-25 15:58:56 INFO  SauceDemoTestBase:13 - ***************Test Case Started******************validateIfRedAndBoltTShirtAvailableInCart
2024-03-25 15:58:57 INFO  SauceDemoTestBase:19 - ******Passed********validateIfRedAndBoltTShirtAvailableInCart*****************
2024-03-25 15:58:59 INFO  SauceDemoTestBase:13 - ***************Test Case Started******************validateCheckoutButtonOnCartPage
2024-03-25 15:59:00 INFO  SauceDemoTestBase:19 - ******Passed********validateCheckoutButtonOnCartPage*****************
2024-03-25 15:59:02 INFO  SauceDemoTestBase:13 - ***************Test Case Started******************validateIfContinueButtonForCheckoutIsWorking
2024-03-25 15:59:03 INFO  SauceDemoTestBase:19 - ******Passed********validateIfContinueButtonForCheckoutIsWorking*****************
2024-03-25 15:59:05 INFO  SauceDemoTestBase:13 - ***************Test Case Started******************validateTotalPaymentOnPage
2024-03-25 15:59:07 INFO  SauceDemoTestBase:19 - ******Passed********validateTotalPaymentOnPage*****************
2024-03-25 15:59:09 INFO  SauceDemoTestBase:13 - ***************Test Case Started******************validateFinishButton
2024-03-25 15:59:10 INFO  SauceDemoTestBase:19 - ******Passed********validateFinishButton*****************
2024-03-25 15:59:13 INFO  SauceDemoTestBase:13 - ***************Test Case Started******************validateBackToProductsButtonIsWorking
2024-03-25 15:59:14 INFO  SauceDemoTestBase:19 - ******Passed********validateBackToProductsButtonIsWorking*****************
